[2025-07-28T19:11:45.3302906Z][ERROR] :: Unable to parse Driver Capabilities due to Newtonsoft.Json.JsonReaderException: Unexpected character encountered while parsing value: O. Path '', line 0, position 0.
   at Newtonsoft.Json.JsonTextReader.ParseValue()
   at Newtonsoft.Json.JsonTextReader.Read()
   at Newtonsoft.Json.Linq.JObject.Load(JsonReader reader, JsonLoadSettings settings)
   at Newtonsoft.Json.Linq.JObject.Parse(String json, JsonLoadSettings settings)
   at Newtonsoft.Json.Linq.JObject.Parse(String json)
   at System.Dynamic.UpdateDelegates.UpdateAndExecute2[T0,T1,TRet](CallSite site, T0 arg0, T1 arg1)
   at BrowserStackSDK.TestObservability.Model.CBT.Driver..ctor(Object driver) 
[2025-07-28T19:11:45.3590302Z][INFO] :: Product linked to Observability:: automate 
[2025-07-28T19:11:45.3639369Z][INFO] :: Remote Session Found :: True 
[2025-07-28T19:11:45.3685034Z][INFO] :: FRAMEWORK FOUND :: Reqnroll-nunit 
[2025-07-28T19:11:45.3701879Z][INFO] :: CRASH REPORT :: 
 {
  "exception": {},
  "config": {},
  "hashed_id": "imqnqne8bcwmhrupgfcky3aipgtz1zsfhx2ogu8d",
  "observability_version": {
    "frameworkName": "Reqnroll-nunit",
    "sdkVersion": "1.20.0",
    "frameworkVersion": "2.2.1 - 3.14.0"
  }
} 
[2025-07-28T19:11:46.1619955Z][ERROR] :: Error While Receiving Driver Object System.NullReferenceException: Object reference not set to an instance of an object.
   at BrowserStackSDK.TestObservability.EventsHandler.LogEventsHandler.ReceiveDriver(Object driver, String fullyQualifiedName, String displayName) 
[2025-07-28T19:12:35.6061593Z][INFO] :: FRAMEWORK FOUND :: Reqnroll-nunit 
[2025-07-28T19:12:35.6082989Z][INFO] :: CRASH REPORT :: 
 {
  "exception": {},
  "config": {},
  "hashed_id": "imqnqne8bcwmhrupgfcky3aipgtz1zsfhx2ogu8d",
  "observability_version": {
    "frameworkName": "Reqnroll-nunit",
    "sdkVersion": "1.20.0",
    "frameworkVersion": "2.2.1 - 3.14.0"
  }
} 
[2025-07-28T19:12:36.4024948Z][ERROR] :: Unable to find source code and file path: System.IO.FileNotFoundException: Could not load file or assembly 'Microsoft.CodeAnalysis, Version=4.7.0.0, Culture=neutral, PublicKeyToken=31bf3856ad364e35'. The system cannot find the file specified.
File name: 'Microsoft.CodeAnalysis, Version=4.7.0.0, Culture=neutral, PublicKeyToken=31bf3856ad364e35'
   at A.E.A(String)
   at A.E.A()
   at A.E.A(String, String)
   at TestObservability.TestCase.Model.TestCaseStartedModel.a(JObject) 
[2025-07-28T19:12:37.1617549Z][INFO] :: FRAMEWORK FOUND :: Reqnroll-nunit 
[2025-07-28T19:12:37.1623635Z][INFO] :: CRASH REPORT :: 
 {
  "exception": {},
  "config": {},
  "hashed_id": "imqnqne8bcwmhrupgfcky3aipgtz1zsfhx2ogu8d",
  "observability_version": {
    "frameworkName": "Reqnroll-nunit",
    "sdkVersion": "1.20.0",
    "frameworkVersion": "2.2.1 - 3.14.0"
  }
} 
[2025-07-28T19:12:37.8752273Z][ERROR] :: Error Making HTTP Request System.Exception:  Request Failed with Response Code :: 401
   at TestObservability.Helper.Request.RequestHandler.A(HttpRequestMessage) 
